<?xml version="1.0" encoding="UTF-8"?>
<testng-results ignored="0" total="2" passed="2" failed="0" skipped="0">
  <reporter-output>
  </reporter-output>
  <suite started-at="2025-01-10T09:41:50 IST" name="Suite" finished-at="2025-01-10T09:41:56 IST" duration-ms="6056">
    <groups>
    </groups>
    <test started-at="2025-01-10T09:41:50 IST" name="Test" finished-at="2025-01-10T09:41:56 IST" duration-ms="6056">
      <class name="parameters.ParameterizedTest">
        <test-method is-config="true" signature="openChrome()[pri:0, instance:parameters.ParameterizedTest@cc43f62]" started-at="2025-01-10T09:41:50 IST" name="openChrome" finished-at="2025-01-10T09:41:54 IST" duration-ms="4059" status="PASS">
          <reporter-output>
          </reporter-output>
        </test-method> <!-- openChrome -->
        <test-method signature="loginDemoApp(java.lang.String,java.lang.String)[pri:0, instance:parameters.ParameterizedTest@cc43f62]" started-at="2025-01-10T09:41:54 IST" name="loginDemoApp" finished-at="2025-01-10T09:41:55 IST" duration-ms="1260" status="PASS">
          <params>
            <param index="0">
              <value>
                <![CDATA[student]]>
              </value>
            </param>
            <param index="1">
              <value>
                <![CDATA[Password123]]>
              </value>
            </param>
          </params>
          <reporter-output>
          </reporter-output>
        </test-method> <!-- loginDemoApp -->
        <test-method signature="logout()[pri:0, instance:parameters.ParameterizedTest@cc43f62]" started-at="2025-01-10T09:41:55 IST" name="logout" finished-at="2025-01-10T09:41:56 IST" depends-on-methods="parameters.ParameterizedTest.loginDemoApp" duration-ms="299" status="PASS">
          <reporter-output>
          </reporter-output>
        </test-method> <!-- logout -->
        <test-method is-config="true" signature="closeChrome()[pri:0, instance:parameters.ParameterizedTest@cc43f62]" started-at="2025-01-10T09:41:56 IST" name="closeChrome" finished-at="2025-01-10T09:41:56 IST" duration-ms="338" status="PASS">
          <reporter-output>
          </reporter-output>
        </test-method> <!-- closeChrome -->
      </class> <!-- parameters.ParameterizedTest -->
    </test> <!-- Test -->
  </suite> <!-- Suite -->
</testng-results>
