<?xml version="1.0" encoding="UTF-8"?>
<!-- Generated by org.testng.reporters.JUnitXMLReporter -->
<testsuite ignored="0" hostname="Ranjith" failures="0" tests="3" name="Test" time="13.378" errors="0" timestamp="2024-12-13T12:13:59 IST">
  <testcase classname="mouseHoverActions.DoubleClick" name="imagesDoubleClick" time="1.613"/>
  <testcase classname="mouseHoverActions.Move" name="imagesDoubleClick" time="0.198"/>
  <testcase classname="mouseHoverActions.RightClick" name="imagesDoubleClick" time="0.253"/>
</testsuite> <!-- Test -->
